13:50:06 **** Clean-only build of configuration Nios II for project LAB2_CLI_Testing ****
make clean 
[LAB2_CLI_Testing clean complete]
14:04:00 **** Build of configuration Nios II for project Lab2_WavePlayer ****
make all 
Info: Building ../Lab2_WavePlayer_bsp/
C:/Software/Altera/15.1/nios2eds/bin/gnu/H-x86_64-mingw32/bin/make --no-print-directory -C ../Lab2_WavePlayer_bsp/
[BSP build complete]
[Lab2_WavePlayer build complete]
14:04:01 **** Incremental Build of configuration Nios II for project Lab2_WavePlayer ****
make all 
Info: Building ../Lab2_WavePlayer_bsp/
C:/Software/Altera/15.1/nios2eds/bin/gnu/H-x86_64-mingw32/bin/make --no-print-directory -C ../Lab2_WavePlayer_bsp/
[BSP build complete]
[Lab2_WavePlayer build complete]
14:23:47 **** Incremental Build of configuration Nios II for project Lab2_WavePlayer ****
make all 
Info: Building ../Lab2_WavePlayer_bsp/
C:/Software/Altera/15.1/nios2eds/bin/gnu/H-x86_64-mingw32/bin/make --no-print-directory -C ../Lab2_WavePlayer_bsp/
[BSP build complete]
[Lab2_WavePlayer build complete]
14:25:45 **** Incremental Build of configuration Nios II for project Lab2_WavePlayer ****
make all 
Info: Building ../Lab2_WavePlayer_bsp/
C:/Software/Altera/15.1/nios2eds/bin/gnu/H-x86_64-mingw32/bin/make --no-print-directory -C ../Lab2_WavePlayer_bsp/
[BSP build complete]
[Lab2_WavePlayer build complete]
